[debug] [2021-01-30T14:56:45.778Z] ----------------------------------------------------------------------
[debug] [2021-01-30T14:56:45.780Z] Command:       C:\Program Files\nodejs\node.exe C:\Users\lee\AppData\Roaming\npm\node_modules\firebase-tools\lib\bin\firebase.js init
[debug] [2021-01-30T14:56:45.780Z] CLI Version:   9.2.2
[debug] [2021-01-30T14:56:45.780Z] Platform:      win32
[debug] [2021-01-30T14:56:45.781Z] Node Version:  v14.15.4
[debug] [2021-01-30T14:56:45.782Z] Time:          Sat Jan 30 2021 23:56:45 GMT+0900 (대한민국 표준시)
[debug] [2021-01-30T14:56:45.783Z] ----------------------------------------------------------------------
[debug] [2021-01-30T14:56:45.783Z] 
[debug] [2021-01-30T14:56:45.791Z] > command requires scopes: ["email","openid","https://www.googleapis.com/auth/cloudplatformprojects.readonly","https://www.googleapis.com/auth/firebase","https://www.googleapis.com/auth/cloud-platform"]
[debug] [2021-01-30T14:56:45.791Z] > authorizing via signed-in user
[info] 
     ######## #### ########  ######## ########     ###     ######  ########
     ##        ##  ##     ## ##       ##     ##  ##   ##  ##       ##
     ######    ##  ########  ######   ########  #########  ######  ######
     ##        ##  ##    ##  ##       ##     ## ##     ##       ## ##
     ##       #### ##     ## ######## ########  ##     ##  ######  ########

You're about to initialize a Firebase project in this directory:

  C:\Users\lee\Downloads\myweb

[info] 
=== Project Setup
[info] 
[info] First, let's associate this project directory with a Firebase project.
[info] You can create multiple project aliases by running firebase use --add, 
[info] but for now we'll just set up a default project.
[info] 
[debug] [2021-01-30T14:57:52.704Z] >>> [apiv2][query] GET https://firebase.googleapis.com/v1beta1/projects pageSize=100
[debug] [2021-01-30T14:57:53.298Z] <<< [apiv2][status] GET https://firebase.googleapis.com/v1beta1/projects 200
[debug] [2021-01-30T14:57:53.298Z] <<< [apiv2][body] GET https://firebase.googleapis.com/v1beta1/projects [omitted]
[info] i  Using project fire-dba3b (fire) 
[info] 
=== Hosting Setup
[info] 
[info] Your public directory is the folder (relative to your project directory) that
[info] will contain Hosting assets to be uploaded with firebase deploy. If you
[info] have a build process for your assets, use your build's output directory.
[info] 
[debug] [2021-01-30T14:58:49.700Z] >>> [apiv2][query] GET https://www.gstatic.com/firebasejs/releases.json [none]
[debug] [2021-01-30T14:58:49.876Z] <<< [apiv2][status] GET https://www.gstatic.com/firebasejs/releases.json 200
[debug] [2021-01-30T14:58:49.876Z] <<< [apiv2][body] GET https://www.gstatic.com/firebasejs/releases.json {"current":{"version":"8.2.5","browserURL":"https://www.gstatic.com/firebasejs/8.2.5/firebase.js","packageURL":"https://www.gstatic.com/firebasejs/8.2.5/firebase.tgz"},"live":{"version":"8.2","browserURL":"https://www.gstatic.com/firebasejs/live/8.2/firebase.js","packageURL":"https://www.gstatic.com/firebasejs/live/8.2/firebase.tgz"},"components":{"analytics":"https://www.gstatic.com/firebasejs/8.2.5/firebase-analytics.js","app":"https://www.gstatic.com/firebasejs/8.2.5/firebase-app.js","auth":"https://www.gstatic.com/firebasejs/8.2.5/firebase-auth.js","database":"https://www.gstatic.com/firebasejs/8.2.5/firebase-database.js","firestore":"https://www.gstatic.com/firebasejs/8.2.5/firebase-firestore.js","functions":"https://www.gstatic.com/firebasejs/8.2.5/firebase-functions.js","installations":"https://www.gstatic.com/firebasejs/8.2.5/firebase-installations.js","messaging":"https://www.gstatic.com/firebasejs/8.2.5/firebase-messaging.js","storage":"https://www.gstatic.com/firebasejs/8.2.5/firebase-storage.js","performance":"https://www.gstatic.com/firebasejs/8.2.5/firebase-performance.js","remote-config":"https://www.gstatic.com/firebasejs/8.2.5/firebase-remote-config.js","firestore.memory":"https://www.gstatic.com/firebasejs/8.2.5/firebase-firestore.memory.js"}}
[info] +  Wrote build/index.html 
[info] 
[info] i  Didn't detect a .git folder. Assuming C:\Users\lee\Downloads\myweb is the project root. 
[info] i  Authorizing with GitHub to upload your service account to a GitHub repository's secrets store. 
[info] 
[info] Visit this URL on this device to log in:
[info] https://github.com/login/oauth/authorize?client_id=89cf50f02ac6aaed3484&state=528745271&redirect_uri=http%3A%2F%2Flocalhost%3A9005&scope=read%3Auser%20repo%20public_repo
[info] 
[info] Waiting for authentication...
[debug] [2021-01-30T15:00:03.688Z] >>> HTTP REQUEST POST https://github.com/login/oauth/access_token  
 {"client_id":"89cf50f02ac6aaed3484","client_secret":"3330d14abc895d9a74d5f17cd7a00711fa2c5bf0","code":"4dc1cb6687ca0e333291","redirect_uri":"http://localhost:9005","state":"528745271"}
[debug] [2021-01-30T15:00:03.970Z] <<< HTTP RESPONSE 200 {"date":"Sat, 30 Jan 2021 15:00:04 GMT","content-type":"application/json; charset=utf-8","transfer-encoding":"chunked","server":"GitHub.com","status":"200 OK","vary":"X-PJAX, Accept-Encoding, Accept, X-Requested-With, Accept-Encoding","etag":"W/\"7e029bc5edc7e986fd55eed3b606b7c7\"","cache-control":"max-age=0, private, must-revalidate","strict-transport-security":"max-age=31536000; includeSubdomains; preload","x-frame-options":"deny","x-content-type-options":"nosniff","x-xss-protection":"1; mode=block","referrer-policy":"origin-when-cross-origin, strict-origin-when-cross-origin","expect-ct":"max-age=2592000, report-uri=\"https://api.github.com/_private/browser/errors\"","content-security-policy":"default-src 'none'; base-uri 'self'; block-all-mixed-content; connect-src 'self' uploads.github.com www.githubstatus.com collector.githubapp.com api.github.com github-cloud.s3.amazonaws.com github-production-repository-file-5c1aeb.s3.amazonaws.com github-production-upload-manifest-file-7fdce7.s3.amazonaws.com github-production-user-asset-6210df.s3.amazonaws.com cdn.optimizely.com logx.optimizely.com/v1/events wss://alive.github.com; font-src github.githubassets.com; form-action 'self' github.com gist.github.com; frame-ancestors 'none'; frame-src render.githubusercontent.com; img-src 'self' data: github.githubassets.com identicons.github.com collector.githubapp.com github-cloud.s3.amazonaws.com *.githubusercontent.com; manifest-src 'self'; media-src 'none'; script-src github.githubassets.com; style-src 'unsafe-inline' github.githubassets.com; worker-src github.com/socket-worker-5029ae85.js gist.github.com/socket-worker-5029ae85.js","x-github-request-id":"09B6:317C:50289D:5B4832:60157474"}
[debug] [2021-01-30T15:00:03.971Z] >>> [apiv2][query] GET https://api.github.com/user [none]
[debug] [2021-01-30T15:00:04.283Z] <<< [apiv2][status] GET https://api.github.com/user 200
[debug] [2021-01-30T15:00:04.283Z] <<< [apiv2][body] GET https://api.github.com/user {"login":"kangsan-lee","id":76995956,"node_id":"MDQ6VXNlcjc2OTk1OTU2","avatar_url":"https://avatars.githubusercontent.com/u/76995956?v=4","gravatar_id":"","url":"https://api.github.com/users/kangsan-lee","html_url":"https://github.com/kangsan-lee","followers_url":"https://api.github.com/users/kangsan-lee/followers","following_url":"https://api.github.com/users/kangsan-lee/following{/other_user}","gists_url":"https://api.github.com/users/kangsan-lee/gists{/gist_id}","starred_url":"https://api.github.com/users/kangsan-lee/starred{/owner}{/repo}","subscriptions_url":"https://api.github.com/users/kangsan-lee/subscriptions","organizations_url":"https://api.github.com/users/kangsan-lee/orgs","repos_url":"https://api.github.com/users/kangsan-lee/repos","events_url":"https://api.github.com/users/kangsan-lee/events{/privacy}","received_events_url":"https://api.github.com/users/kangsan-lee/received_events","type":"User","site_admin":false,"name":null,"company":null,"blog":"","location":null,"email":null,"hireable":null,"bio":null,"twitter_username":null,"public_repos":2,"public_gists":0,"followers":0,"following":0,"created_at":"2021-01-05T08:51:09Z","updated_at":"2021-01-30T14:23:15Z","private_gists":0,"total_private_repos":1,"owned_private_repos":1,"disk_usage":10,"collaborators":0,"two_factor_authentication":false,"plan":{"name":"free","space":976562499,"collaborators":0,"private_repos":10000}}
[info] 
[info] +  Success! Logged into GitHub as kangsan-lee 
[info] 
[debug] [2021-01-30T15:01:22.299Z] >>> [apiv2][query] GET https://api.github.com/repos/no/actions/secrets/public-key type=owner
[debug] [2021-01-30T15:01:22.552Z] <<< [apiv2][status] GET https://api.github.com/repos/no/actions/secrets/public-key 404
[debug] [2021-01-30T15:01:22.552Z] <<< [apiv2][body] GET https://api.github.com/repos/no/actions/secrets/public-key {"message":"Not Found","documentation_url":"https://docs.github.com/rest"}
[debug] [2021-01-30T15:01:24.266Z] >>> [apiv2][query] GET https://api.github.com/repos/yes/actions/secrets/public-key type=owner
[debug] [2021-01-30T15:01:24.519Z] <<< [apiv2][status] GET https://api.github.com/repos/yes/actions/secrets/public-key 404
[debug] [2021-01-30T15:01:24.519Z] <<< [apiv2][body] GET https://api.github.com/repos/yes/actions/secrets/public-key {"message":"Not Found","documentation_url":"https://docs.github.com/rest"}
[debug] [2021-01-30T15:01:25.603Z] >>> [apiv2][query] GET https://api.github.com/repos/y/actions/secrets/public-key type=owner
[debug] [2021-01-30T15:01:25.868Z] <<< [apiv2][status] GET https://api.github.com/repos/y/actions/secrets/public-key 404
[debug] [2021-01-30T15:01:25.869Z] <<< [apiv2][body] GET https://api.github.com/repos/y/actions/secrets/public-key {"message":"Not Found","documentation_url":"https://docs.github.com/rest"}
[debug] [2021-01-30T15:01:26.514Z] >>> [apiv2][query] GET https://api.github.com/repos//actions/secrets/public-key type=owner
[debug] [2021-01-30T15:01:26.751Z] <<< [apiv2][status] GET https://api.github.com/repos//actions/secrets/public-key 404
[debug] [2021-01-30T15:01:26.751Z] <<< [apiv2][body] GET https://api.github.com/repos//actions/secrets/public-key {"message":"Not Found","documentation_url":"https://docs.github.com/rest"}
[debug] [2021-01-30T15:05:30.169Z] >>> [apiv2][query] GET https://api.github.com/repos/firebase-cli/actions/secrets/public-key type=owner
[debug] [2021-01-30T15:05:30.413Z] <<< [apiv2][status] GET https://api.github.com/repos/firebase-cli/actions/secrets/public-key 404
[debug] [2021-01-30T15:05:30.414Z] <<< [apiv2][body] GET https://api.github.com/repos/firebase-cli/actions/secrets/public-key {"message":"Not Found","documentation_url":"https://docs.github.com/rest"}
